============================================================
Enhanced Fall Detection System Runner
============================================================
Configuration:
  Device: 0
  Filter type: ekf
  Alignment method: enhanced
  Random seed: 42
  Skip teacher training: false
  Skip dependency installation: false
============================================================
Installing required packages...
Defaulting to user installation because normal site-packages is not writeable
Requirement already satisfied: numpy in /mmfs1/home/sww35/.local/lib/python3.9/site-packages (1.23.5)
Requirement already satisfied: scipy in /mmfs1/home/sww35/.local/lib/python3.9/site-packages (1.13.1)
Requirement already satisfied: pandas in /mmfs1/home/sww35/.local/lib/python3.9/site-packages (2.2.3)
Requirement already satisfied: torch in /mmfs1/home/sww35/.local/lib/python3.9/site-packages (2.6.0)
Requirement already satisfied: scikit-learn in /mmfs1/home/sww35/.local/lib/python3.9/site-packages (1.6.1)
Requirement already satisfied: matplotlib in /mmfs1/home/sww35/.local/lib/python3.9/site-packages (3.9.4)
Requirement already satisfied: dtaidistance in /mmfs1/home/sww35/.local/lib/python3.9/site-packages (2.3.12)
Collecting filterpy
  Downloading filterpy-1.4.5.zip (177 kB)
  Preparing metadata (setup.py): started
  Preparing metadata (setup.py): finished with status 'done'
Requirement already satisfied: tqdm in /mmfs1/home/sww35/.local/lib/python3.9/site-packages (4.67.1)
Requirement already satisfied: pyyaml in /mmfs1/home/sww35/.local/lib/python3.9/site-packages (6.0.2)
Requirement already satisfied: python-dateutil>=2.8.2 in /mmfs1/home/sww35/.local/lib/python3.9/site-packages (from pandas) (2.9.0.post0)
Requirement already satisfied: pytz>=2020.1 in /mmfs1/home/sww35/.local/lib/python3.9/site-packages (from pandas) (2025.1)
Requirement already satisfied: tzdata>=2022.7 in /mmfs1/home/sww35/.local/lib/python3.9/site-packages (from pandas) (2025.1)
Requirement already satisfied: filelock in /mmfs1/home/sww35/.local/lib/python3.9/site-packages (from torch) (3.17.0)
Requirement already satisfied: typing-extensions>=4.10.0 in /mmfs1/home/sww35/.local/lib/python3.9/site-packages (from torch) (4.12.2)
Requirement already satisfied: networkx in /mmfs1/home/sww35/.local/lib/python3.9/site-packages (from torch) (3.2.1)
Requirement already satisfied: jinja2 in /mmfs1/home/sww35/.local/lib/python3.9/site-packages (from torch) (3.1.5)
Requirement already satisfied: fsspec in /mmfs1/home/sww35/.local/lib/python3.9/site-packages (from torch) (2024.12.0)
Requirement already satisfied: nvidia-cuda-nvrtc-cu12==12.4.127 in /mmfs1/home/sww35/.local/lib/python3.9/site-packages (from torch) (12.4.127)
Requirement already satisfied: nvidia-cuda-runtime-cu12==12.4.127 in /mmfs1/home/sww35/.local/lib/python3.9/site-packages (from torch) (12.4.127)
Requirement already satisfied: nvidia-cuda-cupti-cu12==12.4.127 in /mmfs1/home/sww35/.local/lib/python3.9/site-packages (from torch) (12.4.127)
Requirement already satisfied: nvidia-cudnn-cu12==9.1.0.70 in /mmfs1/home/sww35/.local/lib/python3.9/site-packages (from torch) (9.1.0.70)
Requirement already satisfied: nvidia-cublas-cu12==12.4.5.8 in /mmfs1/home/sww35/.local/lib/python3.9/site-packages (from torch) (12.4.5.8)
Requirement already satisfied: nvidia-cufft-cu12==11.2.1.3 in /mmfs1/home/sww35/.local/lib/python3.9/site-packages (from torch) (11.2.1.3)
Requirement already satisfied: nvidia-curand-cu12==10.3.5.147 in /mmfs1/home/sww35/.local/lib/python3.9/site-packages (from torch) (10.3.5.147)
Requirement already satisfied: nvidia-cusolver-cu12==11.6.1.9 in /mmfs1/home/sww35/.local/lib/python3.9/site-packages (from torch) (11.6.1.9)
Requirement already satisfied: nvidia-cusparse-cu12==12.3.1.170 in /mmfs1/home/sww35/.local/lib/python3.9/site-packages (from torch) (12.3.1.170)
Requirement already satisfied: nvidia-cusparselt-cu12==0.6.2 in /mmfs1/home/sww35/.local/lib/python3.9/site-packages (from torch) (0.6.2)
Requirement already satisfied: nvidia-nccl-cu12==2.21.5 in /mmfs1/home/sww35/.local/lib/python3.9/site-packages (from torch) (2.21.5)
Requirement already satisfied: nvidia-nvtx-cu12==12.4.127 in /mmfs1/home/sww35/.local/lib/python3.9/site-packages (from torch) (12.4.127)
Requirement already satisfied: nvidia-nvjitlink-cu12==12.4.127 in /mmfs1/home/sww35/.local/lib/python3.9/site-packages (from torch) (12.4.127)
Requirement already satisfied: triton==3.2.0 in /mmfs1/home/sww35/.local/lib/python3.9/site-packages (from torch) (3.2.0)
Requirement already satisfied: sympy==1.13.1 in /mmfs1/home/sww35/.local/lib/python3.9/site-packages (from torch) (1.13.1)
Requirement already satisfied: mpmath<1.4,>=1.1.0 in /mmfs1/home/sww35/.local/lib/python3.9/site-packages (from sympy==1.13.1->torch) (1.3.0)
Requirement already satisfied: joblib>=1.2.0 in /mmfs1/home/sww35/.local/lib/python3.9/site-packages (from scikit-learn) (1.4.2)
Requirement already satisfied: threadpoolctl>=3.1.0 in /mmfs1/home/sww35/.local/lib/python3.9/site-packages (from scikit-learn) (3.5.0)
Requirement already satisfied: contourpy>=1.0.1 in /mmfs1/home/sww35/.local/lib/python3.9/site-packages (from matplotlib) (1.3.0)
Requirement already satisfied: cycler>=0.10 in /mmfs1/home/sww35/.local/lib/python3.9/site-packages (from matplotlib) (0.12.1)
Requirement already satisfied: fonttools>=4.22.0 in /mmfs1/home/sww35/.local/lib/python3.9/site-packages (from matplotlib) (4.56.0)
Requirement already satisfied: kiwisolver>=1.3.1 in /mmfs1/home/sww35/.local/lib/python3.9/site-packages (from matplotlib) (1.4.7)
Requirement already satisfied: packaging>=20.0 in /mmfs1/home/sww35/.local/lib/python3.9/site-packages (from matplotlib) (24.2)
Requirement already satisfied: pillow>=8 in /mmfs1/home/sww35/.local/lib/python3.9/site-packages (from matplotlib) (11.1.0)
Requirement already satisfied: pyparsing>=2.3.1 in /mmfs1/home/sww35/.local/lib/python3.9/site-packages (from matplotlib) (3.2.1)
Requirement already satisfied: importlib-resources>=3.2.0 in /mmfs1/home/sww35/.local/lib/python3.9/site-packages (from matplotlib) (6.5.2)
Requirement already satisfied: zipp>=3.1.0 in /mmfs1/home/sww35/.local/lib/python3.9/site-packages (from importlib-resources>=3.2.0->matplotlib) (3.21.0)
Requirement already satisfied: six>=1.5 in /mmfs1/home/sww35/.local/lib/python3.9/site-packages (from python-dateutil>=2.8.2->pandas) (1.17.0)
Requirement already satisfied: MarkupSafe>=2.0 in /mmfs1/home/sww35/.local/lib/python3.9/site-packages (from jinja2->torch) (3.0.2)
Building wheels for collected packages: filterpy
  Building wheel for filterpy (setup.py): started
  Building wheel for filterpy (setup.py): finished with status 'done'
  Created wheel for filterpy: filename=filterpy-1.4.5-py3-none-any.whl size=110512 sha256=4079b67ace9445371a26ef291a096afe7ba99b4b3fc6f76b29b131e8e35c49e1
  Stored in directory: /mmfs1/home/sww35/.cache/pip/wheels/53/e6/de/a09ea01e923aaf88b9f8c7c44329e857b2c1a31901167e55e6
Successfully built filterpy
Installing collected packages: filterpy
Successfully installed filterpy-1.4.5
Packages installed successfully.
Updated configuration in config/smartfallmm/teacher_enhanced.yaml:
  - Filter type: ekf
  - Alignment method: enhanced
Updated configuration in config/smartfallmm/distill_student_enhanced.yaml:
  - Filter type: ekf
  - Alignment method: enhanced
============================================================
Starting teacher model training...
============================================================
=== Starting Enhanced Teacher Training ===
Traceback (most recent call last):
  File "/mmfs1/home/sww35/test/LightHART/train_teacher_enhanced.py", line 482, in <module>
    main()
  File "/mmfs1/home/sww35/test/LightHART/train_teacher_enhanced.py", line 479, in main
    trainer.start()
  File "/mmfs1/home/sww35/test/LightHART/train_teacher_enhanced.py", line 461, in start
    self.build_data()
  File "/mmfs1/home/sww35/test/LightHART/train_teacher_enhanced.py", line 142, in build_data
    data_dict = self.builder.make_dataset(subjects)
  File "/mmfs1/home/sww35/test/LightHART/utils/enhanced_dataset_builder.py", line 517, in make_dataset
    tasks = [(t, subjects) for t in self.dataset.matched_trials]
AttributeError: 'NoneType' object has no attribute 'matched_trials'
Teacher model training completed.
============================================================
Starting student model distillation...
============================================================
  File "/mmfs1/home/sww35/test/LightHART/distill_student_enhanced.py", line 3
    def eval_epoch(self, epoch):
IndentationError: unexpected indent
Student model distillation completed.
============================================================
Filter evaluation complete for ekf
============================================================
To compare all filter types, run:
./run_fall_detection.sh --filter standard
./run_fall_detection.sh --filter ekf
./run_fall_detection.sh --filter ukf
Then check the logs directory for performance metrics.
============================================================
Process completed successfully.
Model files saved to exps/teacher_enhanced and exps/student_enhanced
Logs saved to logs directory
============================================================
